# JRE version: Java(TM) SE Runtime Environment (17.0.6+9) (build 17.0.6+9-LTS-190)
# Java VM: Java HotSpot(TM) 64-Bit Server VM (17.0.6+9-LTS-190, mixed mode, sharing, tiered, compressed oops, compressed class ptrs, g1 gc, windows-amd64)
GC Precious Log:
 CPUs: 4 total, 4 available
 Memory: 4013M
 Large Page Support: Disabled
 NUMA Support: Disabled
 Compressed Oops: Enabled (32-bit)
 Heap Region Size: 1M
 Heap Min Capacity: 8M
 Heap Initial Capacity: 64M
 Heap Max Capacity: 1004M
 Pre-touch: Disabled
 Parallel Workers: 4
 Concurrent Workers: 1
 Concurrent Refinement Workers: 4
 Periodic GC: Disabled
Heap:
 garbage-first heap   total 220160K, used 193974K [0x00000000c1400000, 0x0000000100000000)
  region size 1024K, 2 young (2048K), 2 survivors (2048K)
 Metaspace       used 3331K, committed 3456K, reserved 1056768K
  class space    used 270K, committed 320K, reserved 1048576K
GC Heap History (20 events):
Event: 34.256 GC heap after
{Heap after GC invocations=10 (full 0):
 garbage-first heap   total 135168K, used 71168K [0x00000000c1400000, 0x0000000100000000)
  region size 1024K, 1 young (1024K), 1 survivors (1024K)
 Metaspace       used 3260K, committed 3392K, reserved 1056768K
  class space    used 261K, committed 320K, reserved 1048576K
}
Event: 34.833 GC heap before
{Heap before GC invocations=10 (full 0):
 garbage-first heap   total 135168K, used 86528K [0x00000000c1400000, 0x0000000100000000)
  region size 1024K, 16 young (16384K), 1 survivors (1024K)
 Metaspace       used 3260K, committed 3392K, reserved 1056768K
  class space    used 261K, committed 320K, reserved 1048576K
}
Event: 34.844 GC heap after
{Heap after GC invocations=11 (full 0):
 garbage-first heap   total 135168K, used 86449K [0x00000000c1400000, 0x0000000100000000)
  region size 1024K, 2 young (2048K), 2 survivors (2048K)
 Metaspace       used 3260K, committed 3392K, reserved 1056768K
  class space    used 261K, committed 320K, reserved 1048576K
}
Event: 35.132 GC heap before
{Heap before GC invocations=12 (full 0):
 garbage-first heap   total 150528K, used 95665K [0x00000000c1400000, 0x0000000100000000)
  region size 1024K, 11 young (11264K), 2 survivors (2048K)
 Metaspace       used 3260K, committed 3392K, reserved 1056768K
  class space    used 261K, committed 320K, reserved 1048576K
}
Event: 35.139 GC heap after
{Heap after GC invocations=13 (full 0):
 garbage-first heap   total 150528K, used 96256K [0x00000000c1400000, 0x0000000100000000)
  region size 1024K, 2 young (2048K), 2 survivors (2048K)
 Metaspace       used 3260K, committed 3392K, reserved 1056768K
  class space    used 261K, committed 320K, reserved 1048576K
}
Event: 35.606 GC heap before
{Heap before GC invocations=13 (full 0):
 garbage-first heap   total 150528K, used 107520K [0x00000000c1400000, 0x0000000100000000)
  region size 1024K, 13 young (13312K), 2 survivors (2048K)
 Metaspace       used 3260K, committed 3392K, reserved 1056768K
  class space    used 261K, committed 320K, reserved 1048576K
}
Event: 35.614 GC heap after
{Heap after GC invocations=14 (full 0):
 garbage-first heap   total 150528K, used 108032K [0x00000000c1400000, 0x0000000100000000)
  region size 1024K, 2 young (2048K), 2 survivors (2048K)
 Metaspace       used 3260K, committed 3392K, reserved 1056768K
  class space    used 261K, committed 320K, reserved 1048576K
}
Event: 35.929 GC heap before
{Heap before GC invocations=15 (full 0):
 garbage-first heap   total 186368K, used 115200K [0x00000000c1400000, 0x0000000100000000)
  region size 1024K, 9 young (9216K), 2 survivors (2048K)
 Metaspace       used 3260K, committed 3392K, reserved 1056768K
  class space    used 261K, committed 320K, reserved 1048576K
}
Event: 35.934 GC heap after
{Heap after GC invocations=16 (full 0):
 garbage-first heap   total 186368K, used 115712K [0x00000000c1400000, 0x0000000100000000)
  region size 1024K, 2 young (2048K), 2 survivors (2048K)
 Metaspace       used 3260K, committed 3392K, reserved 1056768K
  class space    used 261K, committed 320K, reserved 1048576K
}
Event: 36.566 GC heap before
{Heap before GC invocations=16 (full 0):
 garbage-first heap   total 186368K, used 130048K [0x00000000c1400000, 0x0000000100000000)
  region size 1024K, 16 young (16384K), 2 survivors (2048K)
 Metaspace       used 3330K, committed 3456K, reserved 1056768K
  class space    used 270K, committed 320K, reserved 1048576K
}
Event: 36.577 GC heap after
{Heap after GC invocations=17 (full 0):
 garbage-first heap   total 220160K, used 130435K [0x00000000c1400000, 0x0000000100000000)
  region size 1024K, 2 young (2048K), 2 survivors (2048K)
 Metaspace       used 3330K, committed 3456K, reserved 1056768K
  class space    used 270K, committed 320K, reserved 1048576K
}
Event: 36.639 GC heap before
{Heap before GC invocations=17 (full 0):
 garbage-first heap   total 220160K, used 149891K [0x00000000c1400000, 0x0000000100000000)
  region size 1024K, 21 young (21504K), 2 survivors (2048K)
 Metaspace       used 3331K, committed 3456K, reserved 1056768K
  class space    used 270K, committed 320K, reserved 1048576K
}
Event: 36.655 GC heap after
{Heap after GC invocations=18 (full 0):
 garbage-first heap   total 220160K, used 151040K [0x00000000c1400000, 0x0000000100000000)
  region size 1024K, 3 young (3072K), 3 survivors (3072K)
 Metaspace       used 3331K, committed 3456K, reserved 1056768K
  class space    used 270K, committed 320K, reserved 1048576K
}
Event: 36.681 GC heap before
{Heap before GC invocations=18 (full 0):
 garbage-first heap   total 220160K, used 164352K [0x00000000c1400000, 0x0000000100000000)
  region size 1024K, 16 young (16384K), 3 survivors (3072K)
 Metaspace       used 3331K, committed 3456K, reserved 1056768K
  class space    used 270K, committed 320K, reserved 1048576K
}
Event: 36.696 GC heap after
{Heap after GC invocations=19 (full 0):
 garbage-first heap   total 220160K, used 165888K [0x00000000c1400000, 0x0000000100000000)
  region size 1024K, 2 young (2048K), 2 survivors (2048K)
 Metaspace       used 3331K, committed 3456K, reserved 1056768K
  class space    used 270K, committed 320K, reserved 1048576K
}
Event: 36.706 GC heap before
{Heap before GC invocations=19 (full 0):
 garbage-first heap   total 220160K, used 175104K [0x00000000c1400000, 0x0000000100000000)
  region size 1024K, 11 young (11264K), 2 survivors (2048K)
 Metaspace       used 3331K, committed 3456K, reserved 1056768K
  class space    used 270K, committed 320K, reserved 1048576K
}
Event: 36.715 GC heap after
{Heap after GC invocations=20 (full 0):
 garbage-first heap   total 220160K, used 175616K [0x00000000c1400000, 0x0000000100000000)
  region size 1024K, 2 young (2048K), 2 survivors (2048K)
 Metaspace       used 3331K, committed 3456K, reserved 1056768K
  class space    used 270K, committed 320K, reserved 1048576K
}
Event: 36.724 GC heap before
{Heap before GC invocations=20 (full 0):
 garbage-first heap   total 220160K, used 183808K [0x00000000c1400000, 0x0000000100000000)
  region size 1024K, 10 young (10240K), 2 survivors (2048K)
 Metaspace       used 3331K, committed 3456K, reserved 1056768K
  class space    used 270K, committed 320K, reserved 1048576K
}
Event: 36.732 GC heap after
{Heap after GC invocations=21 (full 0):
 garbage-first heap   total 220160K, used 184832K [0x00000000c1400000, 0x0000000100000000)
  region size 1024K, 2 young (2048K), 2 survivors (2048K)
 Metaspace       used 3331K, committed 3456K, reserved 1056768K
  class space    used 270K, committed 320K, reserved 1048576K
}
Event: 36.739 GC heap before
{Heap before GC invocations=21 (full 0):
 garbage-first heap   total 220160K, used 193024K [0x00000000c1400000, 0x0000000100000000)
  region size 1024K, 10 young (10240K), 2 survivors (2048K)
 Metaspace       used 3331K, committed 3456K, reserved 1056768K
  class space    used 270K, committed 320K, reserved 1048576K
}

