# JRE version: Java(TM) SE Runtime Environment (17.0.7+8) (build 17.0.7+8-LTS-224)
# Java VM: Java HotSpot(TM) 64-Bit Server VM (17.0.7+8-LTS-224, mixed mode, sharing, tiered, compressed oops, compressed class ptrs, g1 gc, windows-amd64)
GC Precious Log:
 CPUs: 4 total, 4 available
 Memory: 4013M
 Large Page Support: Disabled
 NUMA Support: Disabled
 Compressed Oops: Enabled (32-bit)
 Heap Region Size: 1M
 Heap Min Capacity: 8M
 Heap Initial Capacity: 64M
 Heap Max Capacity: 1004M
 Pre-touch: Disabled
 Parallel Workers: 4
 Concurrent Workers: 1
 Concurrent Refinement Workers: 4
 Periodic GC: Disabled
Heap:
 garbage-first heap   total 336896K, used 100204K [0x00000000c1400000, 0x0000000100000000)
  region size 1024K, 6 young (6144K), 6 survivors (6144K)
 Metaspace       used 40995K, committed 41280K, reserved 1089536K
  class space    used 4410K, committed 4544K, reserved 1048576K
GC Heap History (20 events):
Event: 29718.586 GC heap after
{Heap after GC invocations=198 (full 0):
 garbage-first heap   total 226304K, used 69893K [0x00000000c1400000, 0x0000000100000000)
  region size 1024K, 1 young (1024K), 1 survivors (1024K)
 Metaspace       used 34675K, committed 34944K, reserved 1081344K
  class space    used 3637K, committed 3776K, reserved 1048576K
}
Event: 30107.175 GC heap before
{Heap before GC invocations=198 (full 0):
 garbage-first heap   total 226304K, used 200965K [0x00000000c1400000, 0x0000000100000000)
  region size 1024K, 129 young (132096K), 1 survivors (1024K)
 Metaspace       used 34677K, committed 34944K, reserved 1081344K
  class space    used 3637K, committed 3776K, reserved 1048576K
}
Event: 30107.295 GC heap after
{Heap after GC invocations=199 (full 0):
 garbage-first heap   total 226304K, used 70091K [0x00000000c1400000, 0x0000000100000000)
  region size 1024K, 1 young (1024K), 1 survivors (1024K)
 Metaspace       used 34677K, committed 34944K, reserved 1081344K
  class space    used 3637K, committed 3776K, reserved 1048576K
}
Event: 30459.877 GC heap before
{Heap before GC invocations=200 (full 0):
 garbage-first heap   total 226304K, used 200139K [0x00000000c1400000, 0x0000000100000000)
  region size 1024K, 129 young (132096K), 1 survivors (1024K)
 Metaspace       used 34681K, committed 34944K, reserved 1081344K
  class space    used 3637K, committed 3776K, reserved 1048576K
}
Event: 30459.978 GC heap after
{Heap after GC invocations=201 (full 0):
 garbage-first heap   total 226304K, used 70035K [0x00000000c1400000, 0x0000000100000000)
  region size 1024K, 1 young (1024K), 1 survivors (1024K)
 Metaspace       used 34681K, committed 34944K, reserved 1081344K
  class space    used 3637K, committed 3776K, reserved 1048576K
}
Event: 30573.267 GC heap before
{Heap before GC invocations=201 (full 0):
 garbage-first heap   total 226304K, used 80275K [0x00000000c1400000, 0x0000000100000000)
  region size 1024K, 11 young (11264K), 1 survivors (1024K)
 Metaspace       used 34681K, committed 34944K, reserved 1081344K
  class space    used 3637K, committed 3776K, reserved 1048576K
}
Event: 30573.389 GC heap after
{Heap after GC invocations=202 (full 0):
 garbage-first heap   total 226304K, used 69373K [0x00000000c1400000, 0x0000000100000000)
  region size 1024K, 1 young (1024K), 1 survivors (1024K)
 Metaspace       used 34681K, committed 34944K, reserved 1081344K
  class space    used 3637K, committed 3776K, reserved 1048576K
}
Event: 30610.289 GC heap before
{Heap before GC invocations=202 (full 0):
 garbage-first heap   total 226304K, used 201469K [0x00000000c1400000, 0x0000000100000000)
  region size 1024K, 130 young (133120K), 1 survivors (1024K)
 Metaspace       used 40950K, committed 41280K, reserved 1089536K
  class space    used 4409K, committed 4544K, reserved 1048576K
}
Event: 30610.358 GC heap after
{Heap after GC invocations=203 (full 0):
 garbage-first heap   total 226304K, used 75717K [0x00000000c1400000, 0x0000000100000000)
  region size 1024K, 7 young (7168K), 7 survivors (7168K)
 Metaspace       used 40950K, committed 41280K, reserved 1089536K
  class space    used 4409K, committed 4544K, reserved 1048576K
}
Event: 30610.985 GC heap before
{Heap before GC invocations=204 (full 0):
 garbage-first heap   total 226304K, used 186309K [0x00000000c1400000, 0x0000000100000000)
  region size 1024K, 115 young (117760K), 7 survivors (7168K)
 Metaspace       used 40975K, committed 41280K, reserved 1089536K
  class space    used 4409K, committed 4544K, reserved 1048576K
}
Event: 30611.008 GC heap after
{Heap after GC invocations=205 (full 0):
 garbage-first heap   total 226304K, used 82768K [0x00000000c1400000, 0x0000000100000000)
  region size 1024K, 14 young (14336K), 14 survivors (14336K)
 Metaspace       used 40975K, committed 41280K, reserved 1089536K
  class space    used 4409K, committed 4544K, reserved 1048576K
}
Event: 30611.013 GC heap before
{Heap before GC invocations=205 (full 0):
 garbage-first heap   total 226304K, used 83792K [0x00000000c1400000, 0x0000000100000000)
  region size 1024K, 15 young (15360K), 14 survivors (14336K)
 Metaspace       used 40975K, committed 41280K, reserved 1089536K
  class space    used 4409K, committed 4544K, reserved 1048576K
}
Event: 30611.214 GC heap after
{Heap after GC invocations=206 (full 0):
 garbage-first heap   total 226304K, used 83837K [0x00000000c1400000, 0x0000000100000000)
  region size 1024K, 2 young (2048K), 2 survivors (2048K)
 Metaspace       used 40975K, committed 41280K, reserved 1089536K
  class space    used 4409K, committed 4544K, reserved 1048576K
}
Event: 30611.700 GC heap before
{Heap before GC invocations=206 (full 0):
 garbage-first heap   total 226304K, used 191357K [0x00000000c1400000, 0x0000000100000000)
  region size 1024K, 107 young (109568K), 2 survivors (2048K)
 Metaspace       used 40976K, committed 41280K, reserved 1089536K
  class space    used 4409K, committed 4544K, reserved 1048576K
}
Event: 30611.709 GC heap after
{Heap after GC invocations=207 (full 0):
 garbage-first heap   total 226304K, used 88811K [0x00000000c1400000, 0x0000000100000000)
  region size 1024K, 7 young (7168K), 7 survivors (7168K)
 Metaspace       used 40976K, committed 41280K, reserved 1089536K
  class space    used 4409K, committed 4544K, reserved 1048576K
}
Event: 30612.153 GC heap before
{Heap before GC invocations=208 (full 0):
 garbage-first heap   total 226304K, used 189163K [0x00000000c1400000, 0x0000000100000000)
  region size 1024K, 105 young (107520K), 7 survivors (7168K)
 Metaspace       used 40995K, committed 41280K, reserved 1089536K
  class space    used 4410K, committed 4544K, reserved 1048576K
}
Event: 30612.169 GC heap after
{Heap after GC invocations=209 (full 0):
 garbage-first heap   total 226304K, used 95101K [0x00000000c1400000, 0x0000000100000000)
  region size 1024K, 13 young (13312K), 13 survivors (13312K)
 Metaspace       used 40995K, committed 41280K, reserved 1089536K
  class space    used 4410K, committed 4544K, reserved 1048576K
}
Event: 30612.174 GC heap before
{Heap before GC invocations=209 (full 0):
 garbage-first heap   total 226304K, used 96125K [0x00000000c1400000, 0x0000000100000000)
  region size 1024K, 14 young (14336K), 13 survivors (13312K)
 Metaspace       used 40995K, committed 41280K, reserved 1089536K
  class space    used 4410K, committed 4544K, reserved 1048576K
}
Event: 30612.224 GC heap after
{Heap after GC invocations=210 (full 0):
 garbage-first heap   total 226304K, used 96108K [0x00000000c1400000, 0x0000000100000000)
  region size 1024K, 2 young (2048K), 2 survivors (2048K)
 Metaspace       used 40995K, committed 41280K, reserved 1089536K
  class space    used 4410K, committed 4544K, reserved 1048576K
}
Event: 30612.536 GC heap before
{Heap before GC invocations=210 (full 0):
 garbage-first heap   total 226304K, used 189292K [0x00000000c1400000, 0x0000000100000000)
  region size 1024K, 93 young (95232K), 2 survivors (2048K)
 Metaspace       used 40995K, committed 41280K, reserved 1089536K
  class space    used 4410K, committed 4544K, reserved 1048576K
}

