# JRE version: Java(TM) SE Runtime Environment (17.0.7+8) (build 17.0.7+8-LTS-224)
# Java VM: Java HotSpot(TM) 64-Bit Server VM (17.0.7+8-LTS-224, mixed mode, sharing, tiered, compressed oops, compressed class ptrs, g1 gc, windows-amd64)
GC Precious Log:
 CPUs: 4 total, 4 available
 Memory: 4013M
 Large Page Support: Disabled
 NUMA Support: Disabled
 Compressed Oops: Enabled (32-bit)
 Heap Region Size: 1M
 Heap Min Capacity: 8M
 Heap Initial Capacity: 64M
 Heap Max Capacity: 1004M
 Pre-touch: Disabled
 Parallel Workers: 4
 Concurrent Workers: 1
 Concurrent Refinement Workers: 4
 Periodic GC: Disabled
Heap:
 garbage-first heap   total 155648K, used 95689K [0x00000000c1400000, 0x0000000100000000)
  region size 1024K, 30 young (30720K), 2 survivors (2048K)
 Metaspace       used 36637K, committed 36992K, reserved 1089536K
  class space    used 3975K, committed 4096K, reserved 1048576K
GC Heap History (20 events):
Event: 1416.441 GC heap before
{Heap before GC invocations=40 (full 0):
 garbage-first heap   total 133120K, used 70913K [0x00000000c1400000, 0x0000000100000000)
  region size 1024K, 13 young (13312K), 2 survivors (2048K)
 Metaspace       used 32083K, committed 32384K, reserved 1081344K
  class space    used 3618K, committed 3776K, reserved 1048576K
}
Event: 1416.445 GC heap after
{Heap after GC invocations=41 (full 0):
 garbage-first heap   total 133120K, used 59535K [0x00000000c1400000, 0x0000000100000000)
  region size 1024K, 1 young (1024K), 1 survivors (1024K)
 Metaspace       used 32083K, committed 32384K, reserved 1081344K
  class space    used 3618K, committed 3776K, reserved 1048576K
}
Event: 1600.159 GC heap before
{Heap before GC invocations=42 (full 0):
 garbage-first heap   total 133120K, used 120975K [0x00000000c1400000, 0x0000000100000000)
  region size 1024K, 52 young (53248K), 1 survivors (1024K)
 Metaspace       used 32814K, committed 33088K, reserved 1081344K
  class space    used 3631K, committed 3776K, reserved 1048576K
}
Event: 1600.209 GC heap after
{Heap after GC invocations=43 (full 0):
 garbage-first heap   total 133120K, used 69889K [0x00000000c1400000, 0x0000000100000000)
  region size 1024K, 1 young (1024K), 1 survivors (1024K)
 Metaspace       used 32814K, committed 33088K, reserved 1081344K
  class space    used 3631K, committed 3776K, reserved 1048576K
}
Event: 1640.030 GC heap before
{Heap before GC invocations=43 (full 0):
 garbage-first heap   total 133120K, used 73985K [0x00000000c1400000, 0x0000000100000000)
  region size 1024K, 6 young (6144K), 1 survivors (1024K)
 Metaspace       used 32894K, committed 33152K, reserved 1081344K
  class space    used 3631K, committed 3776K, reserved 1048576K
}
Event: 1640.050 GC heap after
{Heap after GC invocations=44 (full 0):
 garbage-first heap   total 133120K, used 68921K [0x00000000c1400000, 0x0000000100000000)
  region size 1024K, 1 young (1024K), 1 survivors (1024K)
 Metaspace       used 32894K, committed 33152K, reserved 1081344K
  class space    used 3631K, committed 3776K, reserved 1048576K
}
Event: 1793.731 GC heap before
{Heap before GC invocations=44 (full 0):
 garbage-first heap   total 133120K, used 113977K [0x00000000c1400000, 0x0000000100000000)
  region size 1024K, 45 young (46080K), 1 survivors (1024K)
 Metaspace       used 33243K, committed 33536K, reserved 1081344K
  class space    used 3632K, committed 3776K, reserved 1048576K
}
Event: 1793.756 GC heap after
{Heap after GC invocations=45 (full 0):
 garbage-first heap   total 133120K, used 68941K [0x00000000c1400000, 0x0000000100000000)
  region size 1024K, 1 young (1024K), 1 survivors (1024K)
 Metaspace       used 33243K, committed 33536K, reserved 1081344K
  class space    used 3632K, committed 3776K, reserved 1048576K
}
Event: 1947.963 GC heap before
{Heap before GC invocations=46 (full 0):
 garbage-first heap   total 133120K, used 112973K [0x00000000c1400000, 0x0000000100000000)
  region size 1024K, 45 young (46080K), 1 survivors (1024K)
 Metaspace       used 33400K, committed 33664K, reserved 1081344K
  class space    used 3634K, committed 3776K, reserved 1048576K
}
Event: 1947.993 GC heap after
{Heap after GC invocations=47 (full 0):
 garbage-first heap   total 133120K, used 69008K [0x00000000c1400000, 0x0000000100000000)
  region size 1024K, 1 young (1024K), 1 survivors (1024K)
 Metaspace       used 33400K, committed 33664K, reserved 1081344K
  class space    used 3634K, committed 3776K, reserved 1048576K
}
Event: 1963.234 GC heap before
{Heap before GC invocations=47 (full 0):
 garbage-first heap   total 133120K, used 74128K [0x00000000c1400000, 0x0000000100000000)
  region size 1024K, 6 young (6144K), 1 survivors (1024K)
 Metaspace       used 33409K, committed 33664K, reserved 1081344K
  class space    used 3634K, committed 3776K, reserved 1048576K
}
Event: 1963.242 GC heap after
{Heap after GC invocations=48 (full 0):
 garbage-first heap   total 133120K, used 68061K [0x00000000c1400000, 0x0000000100000000)
  region size 1024K, 1 young (1024K), 1 survivors (1024K)
 Metaspace       used 33409K, committed 33664K, reserved 1081344K
  class space    used 3634K, committed 3776K, reserved 1048576K
}
Event: 2128.348 GC heap before
{Heap before GC invocations=48 (full 0):
 garbage-first heap   total 133120K, used 114141K [0x00000000c1400000, 0x0000000100000000)
  region size 1024K, 47 young (48128K), 1 survivors (1024K)
 Metaspace       used 33468K, committed 33728K, reserved 1081344K
  class space    used 3634K, committed 3776K, reserved 1048576K
}
Event: 2128.404 GC heap after
{Heap after GC invocations=49 (full 0):
 garbage-first heap   total 133120K, used 68159K [0x00000000c1400000, 0x0000000100000000)
  region size 1024K, 1 young (1024K), 1 survivors (1024K)
 Metaspace       used 33468K, committed 33728K, reserved 1081344K
  class space    used 3634K, committed 3776K, reserved 1048576K
}
Event: 2300.816 GC heap before
{Heap before GC invocations=50 (full 0):
 garbage-first heap   total 133120K, used 115263K [0x00000000c1400000, 0x0000000100000000)
  region size 1024K, 47 young (48128K), 1 survivors (1024K)
 Metaspace       used 33554K, committed 33856K, reserved 1081344K
  class space    used 3634K, committed 3776K, reserved 1048576K
}
Event: 2300.861 GC heap after
{Heap after GC invocations=51 (full 0):
 garbage-first heap   total 133120K, used 68191K [0x00000000c1400000, 0x0000000100000000)
  region size 1024K, 1 young (1024K), 1 survivors (1024K)
 Metaspace       used 33554K, committed 33856K, reserved 1081344K
  class space    used 3634K, committed 3776K, reserved 1048576K
}
Event: 2318.385 GC heap before
{Heap before GC invocations=51 (full 0):
 garbage-first heap   total 133120K, used 73311K [0x00000000c1400000, 0x0000000100000000)
  region size 1024K, 6 young (6144K), 1 survivors (1024K)
 Metaspace       used 33558K, committed 33856K, reserved 1081344K
  class space    used 3634K, committed 3776K, reserved 1048576K
}
Event: 2318.429 GC heap after
{Heap after GC invocations=52 (full 0):
 garbage-first heap   total 133120K, used 67280K [0x00000000c1400000, 0x0000000100000000)
  region size 1024K, 1 young (1024K), 1 survivors (1024K)
 Metaspace       used 33558K, committed 33856K, reserved 1081344K
  class space    used 3634K, committed 3776K, reserved 1048576K
}
Event: 2664.688 GC heap before
{Heap before GC invocations=52 (full 0):
 garbage-first heap   total 133120K, used 114384K [0x00000000c1400000, 0x0000000100000000)
  region size 1024K, 48 young (49152K), 1 survivors (1024K)
 Metaspace       used 36682K, committed 36992K, reserved 1089536K
  class space    used 3987K, committed 4096K, reserved 1048576K
}
Event: 2664.705 GC heap after
{Heap after GC invocations=53 (full 0):
 garbage-first heap   total 133120K, used 68041K [0x00000000c1400000, 0x0000000100000000)
  region size 1024K, 2 young (2048K), 2 survivors (2048K)
 Metaspace       used 36682K, committed 36992K, reserved 1089536K
  class space    used 3987K, committed 4096K, reserved 1048576K
}

