# JRE version: Java(TM) SE Runtime Environment (17.0.7+8) (build 17.0.7+8-LTS-224)
# Java VM: Java HotSpot(TM) 64-Bit Server VM (17.0.7+8-LTS-224, mixed mode, sharing, tiered, compressed oops, compressed class ptrs, g1 gc, windows-amd64)
GC Precious Log:
 CPUs: 4 total, 4 available
 Memory: 4013M
 Large Page Support: Disabled
 NUMA Support: Disabled
 Compressed Oops: Enabled (32-bit)
 Heap Region Size: 1M
 Heap Min Capacity: 8M
 Heap Initial Capacity: 64M
 Heap Max Capacity: 1004M
 Pre-touch: Disabled
 Parallel Workers: 4
 Concurrent Workers: 1
 Concurrent Refinement Workers: 4
 Periodic GC: Disabled
Heap:
 garbage-first heap   total 143360K, used 95612K [0x00000000c1400000, 0x0000000100000000)
  region size 1024K, 28 young (28672K), 1 survivors (1024K)
 Metaspace       used 39913K, committed 40192K, reserved 1089536K
  class space    used 4400K, committed 4544K, reserved 1048576K
GC Heap History (20 events):
Event: 1991.370 GC heap before
{Heap before GC invocations=52 (full 0):
 garbage-first heap   total 143360K, used 74043K [0x00000000c1400000, 0x0000000100000000)
  region size 1024K, 7 young (7168K), 1 survivors (1024K)
 Metaspace       used 33359K, committed 33664K, reserved 1081344K
  class space    used 3634K, committed 3776K, reserved 1048576K
}
Event: 1991.424 GC heap after
{Heap after GC invocations=53 (full 0):
 garbage-first heap   total 143360K, used 68029K [0x00000000c1400000, 0x0000000100000000)
  region size 1024K, 1 young (1024K), 1 survivors (1024K)
 Metaspace       used 33359K, committed 33664K, reserved 1081344K
  class space    used 3634K, committed 3776K, reserved 1048576K
}
Event: 2022.063 GC heap before
{Heap before GC invocations=53 (full 0):
 garbage-first heap   total 143360K, used 74173K [0x00000000c1400000, 0x0000000100000000)
  region size 1024K, 7 young (7168K), 1 survivors (1024K)
 Metaspace       used 33368K, committed 33664K, reserved 1081344K
  class space    used 3634K, committed 3776K, reserved 1048576K
}
Event: 2022.085 GC heap after
{Heap after GC invocations=54 (full 0):
 garbage-first heap   total 143360K, used 68001K [0x00000000c1400000, 0x0000000100000000)
  region size 1024K, 1 young (1024K), 1 survivors (1024K)
 Metaspace       used 33368K, committed 33664K, reserved 1081344K
  class space    used 3634K, committed 3776K, reserved 1048576K
}
Event: 2392.598 GC heap before
{Heap before GC invocations=55 (full 0):
 garbage-first heap   total 143360K, used 124321K [0x00000000c1400000, 0x0000000100000000)
  region size 1024K, 56 young (57344K), 1 survivors (1024K)
 Metaspace       used 33421K, committed 33728K, reserved 1081344K
  class space    used 3624K, committed 3776K, reserved 1048576K
}
Event: 2392.765 GC heap after
{Heap after GC invocations=56 (full 0):
 garbage-first heap   total 143360K, used 68142K [0x00000000c1400000, 0x0000000100000000)
  region size 1024K, 1 young (1024K), 1 survivors (1024K)
 Metaspace       used 33421K, committed 33728K, reserved 1081344K
  class space    used 3624K, committed 3776K, reserved 1048576K
}
Event: 2476.223 GC heap before
{Heap before GC invocations=56 (full 0):
 garbage-first heap   total 143360K, used 73262K [0x00000000c1400000, 0x0000000100000000)
  region size 1024K, 7 young (7168K), 1 survivors (1024K)
 Metaspace       used 33428K, committed 33728K, reserved 1081344K
  class space    used 3624K, committed 3776K, reserved 1048576K
}
Event: 2476.380 GC heap after
{Heap after GC invocations=57 (full 0):
 garbage-first heap   total 143360K, used 67205K [0x00000000c1400000, 0x0000000100000000)
  region size 1024K, 1 young (1024K), 1 survivors (1024K)
 Metaspace       used 33428K, committed 33728K, reserved 1081344K
  class space    used 3624K, committed 3776K, reserved 1048576K
}
Event: 2805.663 GC heap before
{Heap before GC invocations=57 (full 0):
 garbage-first heap   total 143360K, used 122501K [0x00000000c1400000, 0x0000000100000000)
  region size 1024K, 55 young (56320K), 1 survivors (1024K)
 Metaspace       used 33487K, committed 33728K, reserved 1081344K
  class space    used 3629K, committed 3776K, reserved 1048576K
}
Event: 2805.815 GC heap after
{Heap after GC invocations=58 (full 0):
 garbage-first heap   total 143360K, used 67464K [0x00000000c1400000, 0x0000000100000000)
  region size 1024K, 1 young (1024K), 1 survivors (1024K)
 Metaspace       used 33487K, committed 33728K, reserved 1081344K
  class space    used 3629K, committed 3776K, reserved 1048576K
}
Event: 3201.481 GC heap before
{Heap before GC invocations=59 (full 0):
 garbage-first heap   total 143360K, used 122760K [0x00000000c1400000, 0x0000000100000000)
  region size 1024K, 56 young (57344K), 1 survivors (1024K)
 Metaspace       used 33565K, committed 33856K, reserved 1081344K
  class space    used 3629K, committed 3776K, reserved 1048576K
}
Event: 3201.636 GC heap after
{Heap after GC invocations=60 (full 0):
 garbage-first heap   total 143360K, used 67448K [0x00000000c1400000, 0x0000000100000000)
  region size 1024K, 1 young (1024K), 1 survivors (1024K)
 Metaspace       used 33565K, committed 33856K, reserved 1081344K
  class space    used 3629K, committed 3776K, reserved 1048576K
}
Event: 3262.599 GC heap before
{Heap before GC invocations=60 (full 0):
 garbage-first heap   total 143360K, used 72568K [0x00000000c1400000, 0x0000000100000000)
  region size 1024K, 7 young (7168K), 1 survivors (1024K)
 Metaspace       used 33575K, committed 33856K, reserved 1081344K
  class space    used 3629K, committed 3776K, reserved 1048576K
}
Event: 3262.798 GC heap after
{Heap after GC invocations=61 (full 0):
 garbage-first heap   total 143360K, used 66777K [0x00000000c1400000, 0x0000000100000000)
  region size 1024K, 1 young (1024K), 1 survivors (1024K)
 Metaspace       used 33575K, committed 33856K, reserved 1081344K
  class space    used 3629K, committed 3776K, reserved 1048576K
}
Event: 4175.782 GC heap before
{Heap before GC invocations=61 (full 0):
 garbage-first heap   total 143360K, used 126169K [0x00000000c1400000, 0x0000000100000000)
  region size 1024K, 59 young (60416K), 1 survivors (1024K)
 Metaspace       used 34925K, committed 35200K, reserved 1081344K
  class space    used 3765K, committed 3904K, reserved 1048576K
}
Event: 4175.937 GC heap after
{Heap after GC invocations=62 (full 0):
 garbage-first heap   total 143360K, used 66922K [0x00000000c1400000, 0x0000000100000000)
  region size 1024K, 1 young (1024K), 1 survivors (1024K)
 Metaspace       used 34925K, committed 35200K, reserved 1081344K
  class space    used 3765K, committed 3904K, reserved 1048576K
}
Event: 4179.488 GC heap before
{Heap before GC invocations=63 (full 0):
 garbage-first heap   total 143360K, used 126314K [0x00000000c1400000, 0x0000000100000000)
  region size 1024K, 59 young (60416K), 1 survivors (1024K)
 Metaspace       used 39557K, committed 39872K, reserved 1089536K
  class space    used 4400K, committed 4544K, reserved 1048576K
}
Event: 4179.642 GC heap after
{Heap after GC invocations=64 (full 0):
 garbage-first heap   total 143360K, used 69134K [0x00000000c1400000, 0x0000000100000000)
  region size 1024K, 3 young (3072K), 3 survivors (3072K)
 Metaspace       used 39557K, committed 39872K, reserved 1089536K
  class space    used 4400K, committed 4544K, reserved 1048576K
}
Event: 4179.944 GC heap before
{Heap before GC invocations=64 (full 0):
 garbage-first heap   total 143360K, used 73230K [0x00000000c1400000, 0x0000000100000000)
  region size 1024K, 7 young (7168K), 3 survivors (3072K)
 Metaspace       used 39745K, committed 40064K, reserved 1089536K
  class space    used 4400K, committed 4544K, reserved 1048576K
}
Event: 4179.985 GC heap after
{Heap after GC invocations=65 (full 0):
 garbage-first heap   total 143360K, used 68988K [0x00000000c1400000, 0x0000000100000000)
  region size 1024K, 1 young (1024K), 1 survivors (1024K)
 Metaspace       used 39745K, committed 40064K, reserved 1089536K
  class space    used 4400K, committed 4544K, reserved 1048576K
}

