# JRE version: Java(TM) SE Runtime Environment (17.0.7+8) (build 17.0.7+8-LTS-224)
# Java VM: Java HotSpot(TM) 64-Bit Server VM (17.0.7+8-LTS-224, mixed mode, sharing, tiered, compressed oops, compressed class ptrs, g1 gc, windows-amd64)
GC Precious Log:
 CPUs: 4 total, 4 available
 Memory: 4013M
 Large Page Support: Disabled
 NUMA Support: Disabled
 Compressed Oops: Enabled (32-bit)
 Heap Region Size: 1M
 Heap Min Capacity: 8M
 Heap Initial Capacity: 64M
 Heap Max Capacity: 1004M
 Pre-touch: Disabled
 Parallel Workers: 4
 Concurrent Workers: 1
 Concurrent Refinement Workers: 4
 Periodic GC: Disabled
Heap:
 garbage-first heap   total 95232K, used 33159K [0x00000000c1400000, 0x0000000100000000)
  region size 1024K, 1 young (1024K), 1 survivors (1024K)
 Metaspace       used 1840K, committed 1984K, reserved 1056768K
  class space    used 136K, committed 192K, reserved 1048576K
GC Heap History (8 events):
Event: 37.680 GC heap before
{Heap before GC invocations=0 (full 0):
 garbage-first heap   total 65536K, used 15360K [0x00000000c1400000, 0x0000000100000000)
  region size 1024K, 13 young (13312K), 0 survivors (0K)
 Metaspace       used 1704K, committed 1856K, reserved 1056768K
  class space    used 135K, committed 192K, reserved 1048576K
}
Event: 37.725 GC heap after
{Heap after GC invocations=1 (full 0):
 garbage-first heap   total 65536K, used 11530K [0x00000000c1400000, 0x0000000100000000)
  region size 1024K, 2 young (2048K), 2 survivors (2048K)
 Metaspace       used 1704K, committed 1856K, reserved 1056768K
  class space    used 135K, committed 192K, reserved 1048576K
}
Event: 39.687 GC heap before
{Heap before GC invocations=1 (full 0):
 garbage-first heap   total 65536K, used 27914K [0x00000000c1400000, 0x0000000100000000)
  region size 1024K, 7 young (7168K), 2 survivors (2048K)
 Metaspace       used 1771K, committed 1920K, reserved 1056768K
  class space    used 135K, committed 192K, reserved 1048576K
}
Event: 39.693 GC heap after
{Heap after GC invocations=2 (full 0):
 garbage-first heap   total 65536K, used 17746K [0x00000000c1400000, 0x0000000100000000)
  region size 1024K, 1 young (1024K), 1 survivors (1024K)
 Metaspace       used 1771K, committed 1920K, reserved 1056768K
  class space    used 135K, committed 192K, reserved 1048576K
}
Event: 40.922 GC heap before
{Heap before GC invocations=2 (full 0):
 garbage-first heap   total 65536K, used 40274K [0x00000000c1400000, 0x0000000100000000)
  region size 1024K, 13 young (13312K), 1 survivors (1024K)
 Metaspace       used 1837K, committed 1984K, reserved 1056768K
  class space    used 135K, committed 192K, reserved 1048576K
}
Event: 40.927 GC heap after
{Heap after GC invocations=3 (full 0):
 garbage-first heap   total 65536K, used 22847K [0x00000000c1400000, 0x0000000100000000)
  region size 1024K, 1 young (1024K), 1 survivors (1024K)
 Metaspace       used 1837K, committed 1984K, reserved 1056768K
  class space    used 135K, committed 192K, reserved 1048576K
}
Event: 43.532 GC heap before
{Heap before GC invocations=3 (full 0):
 garbage-first heap   total 73728K, used 59711K [0x00000000c1400000, 0x0000000100000000)
  region size 1024K, 17 young (17408K), 1 survivors (1024K)
 Metaspace       used 1840K, committed 1984K, reserved 1056768K
  class space    used 136K, committed 192K, reserved 1048576K
}
Event: 43.534 GC heap after
{Heap after GC invocations=4 (full 0):
 garbage-first heap   total 73728K, used 33159K [0x00000000c1400000, 0x0000000100000000)
  region size 1024K, 1 young (1024K), 1 survivors (1024K)
 Metaspace       used 1840K, committed 1984K, reserved 1056768K
  class space    used 136K, committed 192K, reserved 1048576K
}

