# JRE version: Java(TM) SE Runtime Environment (17.0.7+8) (build 17.0.7+8-LTS-224)
# Java VM: Java HotSpot(TM) 64-Bit Server VM (17.0.7+8-LTS-224, mixed mode, sharing, tiered, compressed oops, compressed class ptrs, g1 gc, windows-amd64)
GC Precious Log:
 CPUs: 4 total, 4 available
 Memory: 4013M
 Large Page Support: Disabled
 NUMA Support: Disabled
 Compressed Oops: Enabled (32-bit)
 Heap Region Size: 1M
 Heap Min Capacity: 8M
 Heap Initial Capacity: 64M
 Heap Max Capacity: 1004M
 Pre-touch: Disabled
 Parallel Workers: 4
 Concurrent Workers: 1
 Concurrent Refinement Workers: 4
 Periodic GC: Disabled
Heap:
 garbage-first heap   total 239616K, used 211954K [0x00000000c1400000, 0x0000000100000000)
  region size 1024K, 4 young (4096K), 2 survivors (2048K)
 Metaspace       used 3391K, committed 3520K, reserved 1056768K
  class space    used 271K, committed 320K, reserved 1048576K
GC Heap History (20 events):
Event: 15.908 GC heap before
{Heap before GC invocations=7 (full 0):
 garbage-first heap   total 128000K, used 57529K [0x00000000c1400000, 0x0000000100000000)
  region size 1024K, 6 young (6144K), 1 survivors (1024K)
 Metaspace       used 1877K, committed 1984K, reserved 1056768K
  class space    used 136K, committed 192K, reserved 1048576K
}
Event: 15.908 GC heap after
{Heap after GC invocations=8 (full 0):
 garbage-first heap   total 128000K, used 53431K [0x00000000c1400000, 0x0000000100000000)
  region size 1024K, 1 young (1024K), 1 survivors (1024K)
 Metaspace       used 1877K, committed 1984K, reserved 1056768K
  class space    used 136K, committed 192K, reserved 1048576K
}
Event: 28.071 GC heap before
{Heap before GC invocations=8 (full 0):
 garbage-first heap   total 204800K, used 189623K [0x00000000c1400000, 0x0000000100000000)
  region size 1024K, 53 young (54272K), 1 survivors (1024K)
 Metaspace       used 3313K, committed 3456K, reserved 1056768K
  class space    used 261K, committed 320K, reserved 1048576K
}
Event: 28.182 GC heap after
{Heap after GC invocations=9 (full 0):
 garbage-first heap   total 239616K, used 142400K [0x00000000c1400000, 0x0000000100000000)
  region size 1024K, 7 young (7168K), 7 survivors (7168K)
 Metaspace       used 3313K, committed 3456K, reserved 1056768K
  class space    used 261K, committed 320K, reserved 1048576K
}
Event: 28.930 GC heap before
{Heap before GC invocations=9 (full 0):
 garbage-first heap   total 239616K, used 170048K [0x00000000c1400000, 0x0000000100000000)
  region size 1024K, 34 young (34816K), 7 survivors (7168K)
 Metaspace       used 3315K, committed 3456K, reserved 1056768K
  class space    used 261K, committed 320K, reserved 1048576K
}
Event: 28.963 GC heap after
{Heap after GC invocations=10 (full 0):
 garbage-first heap   total 239616K, used 169984K [0x00000000c1400000, 0x0000000100000000)
  region size 1024K, 5 young (5120K), 5 survivors (5120K)
 Metaspace       used 3315K, committed 3456K, reserved 1056768K
  class space    used 261K, committed 320K, reserved 1048576K
}
Event: 29.400 GC heap before
{Heap before GC invocations=11 (full 0):
 garbage-first heap   total 239616K, used 102400K [0x00000000c1400000, 0x0000000100000000)
  region size 1024K, 20 young (20480K), 5 survivors (5120K)
 Metaspace       used 3315K, committed 3456K, reserved 1056768K
  class space    used 261K, committed 320K, reserved 1048576K
}
Event: 29.411 GC heap after
{Heap after GC invocations=12 (full 0):
 garbage-first heap   total 239616K, used 102912K [0x00000000c1400000, 0x0000000100000000)
  region size 1024K, 3 young (3072K), 3 survivors (3072K)
 Metaspace       used 3315K, committed 3456K, reserved 1056768K
  class space    used 261K, committed 320K, reserved 1048576K
}
Event: 32.329 GC heap before
{Heap before GC invocations=12 (full 0):
 garbage-first heap   total 239616K, used 138752K [0x00000000c1400000, 0x0000000100000000)
  region size 1024K, 38 young (38912K), 3 survivors (3072K)
 Metaspace       used 3385K, committed 3520K, reserved 1056768K
  class space    used 270K, committed 320K, reserved 1048576K
}
Event: 32.353 GC heap after
{Heap after GC invocations=13 (full 0):
 garbage-first heap   total 239616K, used 138752K [0x00000000c1400000, 0x0000000100000000)
  region size 1024K, 5 young (5120K), 5 survivors (5120K)
 Metaspace       used 3385K, committed 3520K, reserved 1056768K
  class space    used 270K, committed 320K, reserved 1048576K
}
Event: 32.404 GC heap before
{Heap before GC invocations=13 (full 0):
 garbage-first heap   total 239616K, used 162304K [0x00000000c1400000, 0x0000000100000000)
  region size 1024K, 28 young (28672K), 5 survivors (5120K)
 Metaspace       used 3386K, committed 3520K, reserved 1056768K
  class space    used 270K, committed 320K, reserved 1048576K
}
Event: 32.423 GC heap after
{Heap after GC invocations=14 (full 0):
 garbage-first heap   total 239616K, used 163328K [0x00000000c1400000, 0x0000000100000000)
  region size 1024K, 4 young (4096K), 4 survivors (4096K)
 Metaspace       used 3386K, committed 3520K, reserved 1056768K
  class space    used 270K, committed 320K, reserved 1048576K
}
Event: 32.459 GC heap before
{Heap before GC invocations=14 (full 0):
 garbage-first heap   total 239616K, used 177664K [0x00000000c1400000, 0x0000000100000000)
  region size 1024K, 18 young (18432K), 4 survivors (4096K)
 Metaspace       used 3386K, committed 3520K, reserved 1056768K
  class space    used 270K, committed 320K, reserved 1048576K
}
Event: 32.475 GC heap after
{Heap after GC invocations=15 (full 0):
 garbage-first heap   total 239616K, used 178688K [0x00000000c1400000, 0x0000000100000000)
  region size 1024K, 3 young (3072K), 3 survivors (3072K)
 Metaspace       used 3386K, committed 3520K, reserved 1056768K
  class space    used 270K, committed 320K, reserved 1048576K
}
Event: 32.493 GC heap before
{Heap before GC invocations=15 (full 0):
 garbage-first heap   total 239616K, used 188928K [0x00000000c1400000, 0x0000000100000000)
  region size 1024K, 13 young (13312K), 3 survivors (3072K)
 Metaspace       used 3386K, committed 3520K, reserved 1056768K
  class space    used 270K, committed 320K, reserved 1048576K
}
Event: 32.504 GC heap after
{Heap after GC invocations=16 (full 0):
 garbage-first heap   total 239616K, used 189952K [0x00000000c1400000, 0x0000000100000000)
  region size 1024K, 2 young (2048K), 2 survivors (2048K)
 Metaspace       used 3386K, committed 3520K, reserved 1056768K
  class space    used 270K, committed 320K, reserved 1048576K
}
Event: 32.518 GC heap before
{Heap before GC invocations=16 (full 0):
 garbage-first heap   total 239616K, used 199168K [0x00000000c1400000, 0x0000000100000000)
  region size 1024K, 11 young (11264K), 2 survivors (2048K)
 Metaspace       used 3386K, committed 3520K, reserved 1056768K
  class space    used 270K, committed 320K, reserved 1048576K
}
Event: 32.528 GC heap after
{Heap after GC invocations=17 (full 0):
 garbage-first heap   total 239616K, used 200704K [0x00000000c1400000, 0x0000000100000000)
  region size 1024K, 2 young (2048K), 2 survivors (2048K)
 Metaspace       used 3386K, committed 3520K, reserved 1056768K
  class space    used 270K, committed 320K, reserved 1048576K
}
Event: 32.538 GC heap before
{Heap before GC invocations=17 (full 0):
 garbage-first heap   total 239616K, used 209920K [0x00000000c1400000, 0x0000000100000000)
  region size 1024K, 11 young (11264K), 2 survivors (2048K)
 Metaspace       used 3386K, committed 3520K, reserved 1056768K
  class space    used 270K, committed 320K, reserved 1048576K
}
Event: 32.546 GC heap after
{Heap after GC invocations=18 (full 0):
 garbage-first heap   total 239616K, used 210930K [0x00000000c1400000, 0x0000000100000000)
  region size 1024K, 2 young (2048K), 2 survivors (2048K)
 Metaspace       used 3386K, committed 3520K, reserved 1056768K
  class space    used 270K, committed 320K, reserved 1048576K
}

