# JRE version: Java(TM) SE Runtime Environment (17.0.7+8) (build 17.0.7+8-LTS-224)
# Java VM: Java HotSpot(TM) 64-Bit Server VM (17.0.7+8-LTS-224, mixed mode, sharing, tiered, compressed oops, compressed class ptrs, g1 gc, windows-amd64)
GC Precious Log:
 CPUs: 4 total, 4 available
 Memory: 4013M
 Large Page Support: Disabled
 NUMA Support: Disabled
 Compressed Oops: Enabled (32-bit)
 Heap Region Size: 1M
 Heap Min Capacity: 8M
 Heap Initial Capacity: 64M
 Heap Max Capacity: 1004M
 Pre-touch: Disabled
 Parallel Workers: 4
 Concurrent Workers: 1
 Concurrent Refinement Workers: 4
 Periodic GC: Disabled
Heap:
 garbage-first heap   total 256000K, used 79537K [0x00000000c1400000, 0x0000000100000000)
  region size 1024K, 3 young (3072K), 3 survivors (3072K)
 Metaspace       used 41038K, committed 41344K, reserved 1089536K
  class space    used 4406K, committed 4544K, reserved 1048576K
GC Heap History (20 events):
Event: 28504.617 GC heap after
{Heap after GC invocations=339 (full 0):
 garbage-first heap   total 122880K, used 70101K [0x00000000c1400000, 0x0000000100000000)
  region size 1024K, 1 young (1024K), 1 survivors (1024K)
 Metaspace       used 34731K, committed 35008K, reserved 1081344K
  class space    used 3634K, committed 3776K, reserved 1048576K
}
Event: 28640.008 GC heap before
{Heap before GC invocations=340 (full 0):
 garbage-first heap   total 122880K, used 107989K [0x00000000c1400000, 0x0000000100000000)
  region size 1024K, 39 young (39936K), 1 survivors (1024K)
 Metaspace       used 34731K, committed 35008K, reserved 1081344K
  class space    used 3634K, committed 3776K, reserved 1048576K
}
Event: 28640.100 GC heap after
{Heap after GC invocations=341 (full 0):
 garbage-first heap   total 122880K, used 70033K [0x00000000c1400000, 0x0000000100000000)
  region size 1024K, 1 young (1024K), 1 survivors (1024K)
 Metaspace       used 34731K, committed 35008K, reserved 1081344K
  class space    used 3634K, committed 3776K, reserved 1048576K
}
Event: 28798.807 GC heap before
{Heap before GC invocations=341 (full 0):
 garbage-first heap   total 122880K, used 106897K [0x00000000c1400000, 0x0000000100000000)
  region size 1024K, 38 young (38912K), 1 survivors (1024K)
 Metaspace       used 34731K, committed 35008K, reserved 1081344K
  class space    used 3634K, committed 3776K, reserved 1048576K
}
Event: 28798.938 GC heap after
{Heap after GC invocations=342 (full 0):
 garbage-first heap   total 122880K, used 70024K [0x00000000c1400000, 0x0000000100000000)
  region size 1024K, 1 young (1024K), 1 survivors (1024K)
 Metaspace       used 34731K, committed 35008K, reserved 1081344K
  class space    used 3634K, committed 3776K, reserved 1048576K
}
Event: 28946.864 GC heap before
{Heap before GC invocations=343 (full 0):
 garbage-first heap   total 122880K, used 107912K [0x00000000c1400000, 0x0000000100000000)
  region size 1024K, 38 young (38912K), 1 survivors (1024K)
 Metaspace       used 37811K, committed 38080K, reserved 1089536K
  class space    used 3988K, committed 4096K, reserved 1048576K
}
Event: 28946.875 GC heap after
{Heap after GC invocations=344 (full 0):
 garbage-first heap   total 122880K, used 70864K [0x00000000c1400000, 0x0000000100000000)
  region size 1024K, 2 young (2048K), 2 survivors (2048K)
 Metaspace       used 37811K, committed 38080K, reserved 1089536K
  class space    used 3988K, committed 4096K, reserved 1048576K
}
Event: 28947.177 GC heap before
{Heap before GC invocations=344 (full 0):
 garbage-first heap   total 122880K, used 106704K [0x00000000c1400000, 0x0000000100000000)
  region size 1024K, 37 young (37888K), 2 survivors (2048K)
 Metaspace       used 39682K, committed 39936K, reserved 1089536K
  class space    used 4306K, committed 4416K, reserved 1048576K
}
Event: 28947.183 GC heap after
{Heap after GC invocations=345 (full 0):
 garbage-first heap   total 122880K, used 72152K [0x00000000c1400000, 0x0000000100000000)
  region size 1024K, 3 young (3072K), 3 survivors (3072K)
 Metaspace       used 39682K, committed 39936K, reserved 1089536K
  class space    used 4306K, committed 4416K, reserved 1048576K
}
Event: 28947.762 GC heap before
{Heap before GC invocations=346 (full 0):
 garbage-first heap   total 126976K, used 104920K [0x00000000c1400000, 0x0000000100000000)
  region size 1024K, 35 young (35840K), 3 survivors (3072K)
 Metaspace       used 40992K, committed 41280K, reserved 1089536K
  class space    used 4406K, committed 4544K, reserved 1048576K
}
Event: 28947.772 GC heap after
{Heap after GC invocations=347 (full 0):
 garbage-first heap   total 126976K, used 74390K [0x00000000c1400000, 0x0000000100000000)
  region size 1024K, 5 young (5120K), 5 survivors (5120K)
 Metaspace       used 40992K, committed 41280K, reserved 1089536K
  class space    used 4406K, committed 4544K, reserved 1048576K
}
Event: 28947.781 GC heap before
{Heap before GC invocations=347 (full 0):
 garbage-first heap   total 126976K, used 75414K [0x00000000c1400000, 0x0000000100000000)
  region size 1024K, 6 young (6144K), 5 survivors (5120K)
 Metaspace       used 40992K, committed 41280K, reserved 1089536K
  class space    used 4406K, committed 4544K, reserved 1048576K
}
Event: 28947.843 GC heap after
{Heap after GC invocations=348 (full 0):
 garbage-first heap   total 126976K, used 74128K [0x00000000c1400000, 0x0000000100000000)
  region size 1024K, 1 young (1024K), 1 survivors (1024K)
 Metaspace       used 40992K, committed 41280K, reserved 1089536K
  class space    used 4406K, committed 4544K, reserved 1048576K
}
Event: 28948.071 GC heap before
{Heap before GC invocations=348 (full 0):
 garbage-first heap   total 126976K, used 108944K [0x00000000c1400000, 0x0000000100000000)
  region size 1024K, 35 young (35840K), 1 survivors (1024K)
 Metaspace       used 40995K, committed 41280K, reserved 1089536K
  class space    used 4406K, committed 4544K, reserved 1048576K
}
Event: 28948.075 GC heap after
{Heap after GC invocations=349 (full 0):
 garbage-first heap   total 126976K, used 75724K [0x00000000c1400000, 0x0000000100000000)
  region size 1024K, 3 young (3072K), 3 survivors (3072K)
 Metaspace       used 40995K, committed 41280K, reserved 1089536K
  class space    used 4406K, committed 4544K, reserved 1048576K
}
Event: 28948.300 GC heap before
{Heap before GC invocations=350 (full 0):
 garbage-first heap   total 138240K, used 107468K [0x00000000c1400000, 0x0000000100000000)
  region size 1024K, 34 young (34816K), 3 survivors (3072K)
 Metaspace       used 41003K, committed 41280K, reserved 1089536K
  class space    used 4406K, committed 4544K, reserved 1048576K
}
Event: 28948.305 GC heap after
{Heap after GC invocations=351 (full 0):
 garbage-first heap   total 138240K, used 77476K [0x00000000c1400000, 0x0000000100000000)
  region size 1024K, 4 young (4096K), 4 survivors (4096K)
 Metaspace       used 41003K, committed 41280K, reserved 1089536K
  class space    used 4406K, committed 4544K, reserved 1048576K
}
Event: 28948.322 GC heap before
{Heap before GC invocations=351 (full 0):
 garbage-first heap   total 138240K, used 79524K [0x00000000c1400000, 0x0000000100000000)
  region size 1024K, 6 young (6144K), 4 survivors (4096K)
 Metaspace       used 41003K, committed 41280K, reserved 1089536K
  class space    used 4406K, committed 4544K, reserved 1048576K
}
Event: 28948.361 GC heap after
{Heap after GC invocations=352 (full 0):
 garbage-first heap   total 138240K, used 77738K [0x00000000c1400000, 0x0000000100000000)
  region size 1024K, 1 young (1024K), 1 survivors (1024K)
 Metaspace       used 41003K, committed 41280K, reserved 1089536K
  class space    used 4406K, committed 4544K, reserved 1048576K
}
Event: 28948.614 GC heap before
{Heap before GC invocations=352 (full 0):
 garbage-first heap   total 138240K, used 116650K [0x00000000c1400000, 0x0000000100000000)
  region size 1024K, 39 young (39936K), 1 survivors (1024K)
 Metaspace       used 41038K, committed 41344K, reserved 1089536K
  class space    used 4406K, committed 4544K, reserved 1048576K
}

