# JRE version: Java(TM) SE Runtime Environment (17.0.6+9) (build 17.0.6+9-LTS-190)
# Java VM: Java HotSpot(TM) 64-Bit Server VM (17.0.6+9-LTS-190, mixed mode, sharing, tiered, compressed oops, compressed class ptrs, g1 gc, windows-amd64)
GC Precious Log:
 CPUs: 4 total, 4 available
 Memory: 4013M
 Large Page Support: Disabled
 NUMA Support: Disabled
 Compressed Oops: Enabled (32-bit)
 Heap Region Size: 1M
 Heap Min Capacity: 8M
 Heap Initial Capacity: 64M
 Heap Max Capacity: 1004M
 Pre-touch: Disabled
 Parallel Workers: 4
 Concurrent Workers: 1
 Concurrent Refinement Workers: 4
 Periodic GC: Disabled
Heap:
 garbage-first heap   total 186368K, used 145408K [0x00000000c1400000, 0x0000000100000000)
  region size 1024K, 2 young (2048K), 2 survivors (2048K)
 Metaspace       used 3326K, committed 3456K, reserved 1056768K
  class space    used 270K, committed 320K, reserved 1048576K
GC Heap History (20 events):
Event: 15.982 GC heap after
{Heap after GC invocations=5 (full 0):
 garbage-first heap   total 118784K, used 52996K [0x00000000c1400000, 0x0000000100000000)
  region size 1024K, 1 young (1024K), 1 survivors (1024K)
 Metaspace       used 1828K, committed 1984K, reserved 1056768K
  class space    used 136K, committed 192K, reserved 1048576K
}
Event: 33.344 GC heap before
{Heap before GC invocations=5 (full 0):
 garbage-first heap   total 118784K, used 97028K [0x00000000c1400000, 0x0000000100000000)
  region size 1024K, 44 young (45056K), 1 survivors (1024K)
 Metaspace       used 3257K, committed 3392K, reserved 1056768K
  class space    used 261K, committed 320K, reserved 1048576K
}
Event: 33.398 GC heap after
{Heap after GC invocations=6 (full 0):
 garbage-first heap   total 136192K, used 90187K [0x00000000c1400000, 0x0000000100000000)
  region size 1024K, 6 young (6144K), 6 survivors (6144K)
 Metaspace       used 3257K, committed 3392K, reserved 1056768K
  class space    used 261K, committed 320K, reserved 1048576K
}
Event: 33.669 GC heap before
{Heap before GC invocations=6 (full 0):
 garbage-first heap   total 136192K, used 102475K [0x00000000c1400000, 0x0000000100000000)
  region size 1024K, 18 young (18432K), 6 survivors (6144K)
 Metaspace       used 3257K, committed 3392K, reserved 1056768K
  class space    used 261K, committed 320K, reserved 1048576K
}
Event: 33.682 GC heap after
{Heap after GC invocations=7 (full 0):
 garbage-first heap   total 136192K, used 102912K [0x00000000c1400000, 0x0000000100000000)
  region size 1024K, 3 young (3072K), 3 survivors (3072K)
 Metaspace       used 3257K, committed 3392K, reserved 1056768K
  class space    used 261K, committed 320K, reserved 1048576K
}
Event: 33.834 GC heap before
{Heap before GC invocations=8 (full 0):
 garbage-first heap   total 136192K, used 66048K [0x00000000c1400000, 0x0000000100000000)
  region size 1024K, 8 young (8192K), 3 survivors (3072K)
 Metaspace       used 3257K, committed 3392K, reserved 1056768K
  class space    used 261K, committed 320K, reserved 1048576K
}
Event: 33.839 GC heap after
{Heap after GC invocations=9 (full 0):
 garbage-first heap   total 136192K, used 66560K [0x00000000c1400000, 0x0000000100000000)
  region size 1024K, 1 young (1024K), 1 survivors (1024K)
 Metaspace       used 3257K, committed 3392K, reserved 1056768K
  class space    used 261K, committed 320K, reserved 1048576K
}
Event: 34.294 GC heap before
{Heap before GC invocations=9 (full 0):
 garbage-first heap   total 136192K, used 83968K [0x00000000c1400000, 0x0000000100000000)
  region size 1024K, 18 young (18432K), 1 survivors (1024K)
 Metaspace       used 3257K, committed 3392K, reserved 1056768K
  class space    used 261K, committed 320K, reserved 1048576K
}
Event: 34.307 GC heap after
{Heap after GC invocations=10 (full 0):
 garbage-first heap   total 136192K, used 83968K [0x00000000c1400000, 0x0000000100000000)
  region size 1024K, 3 young (3072K), 3 survivors (3072K)
 Metaspace       used 3257K, committed 3392K, reserved 1056768K
  class space    used 261K, committed 320K, reserved 1048576K
}
Event: 34.651 GC heap before
{Heap before GC invocations=11 (full 0):
 garbage-first heap   total 148480K, used 95232K [0x00000000c1400000, 0x0000000100000000)
  region size 1024K, 14 young (14336K), 3 survivors (3072K)
 Metaspace       used 3257K, committed 3392K, reserved 1056768K
  class space    used 261K, committed 320K, reserved 1048576K
}
Event: 34.663 GC heap after
{Heap after GC invocations=12 (full 0):
 garbage-first heap   total 148480K, used 95744K [0x00000000c1400000, 0x0000000100000000)
  region size 1024K, 2 young (2048K), 2 survivors (2048K)
 Metaspace       used 3257K, committed 3392K, reserved 1056768K
  class space    used 261K, committed 320K, reserved 1048576K
}
Event: 34.948 GC heap before
{Heap before GC invocations=12 (full 0):
 garbage-first heap   total 148480K, used 105984K [0x00000000c1400000, 0x0000000100000000)
  region size 1024K, 12 young (12288K), 2 survivors (2048K)
 Metaspace       used 3257K, committed 3392K, reserved 1056768K
  class space    used 261K, committed 320K, reserved 1048576K
}
Event: 34.955 GC heap after
{Heap after GC invocations=13 (full 0):
 garbage-first heap   total 148480K, used 105984K [0x00000000c1400000, 0x0000000100000000)
  region size 1024K, 2 young (2048K), 2 survivors (2048K)
 Metaspace       used 3257K, committed 3392K, reserved 1056768K
  class space    used 261K, committed 320K, reserved 1048576K
}
Event: 35.128 GC heap before
{Heap before GC invocations=14 (full 0):
 garbage-first heap   total 186368K, used 113152K [0x00000000c1400000, 0x0000000100000000)
  region size 1024K, 9 young (9216K), 2 survivors (2048K)
 Metaspace       used 3257K, committed 3392K, reserved 1056768K
  class space    used 261K, committed 320K, reserved 1048576K
}
Event: 35.134 GC heap after
{Heap after GC invocations=15 (full 0):
 garbage-first heap   total 186368K, used 114176K [0x00000000c1400000, 0x0000000100000000)
  region size 1024K, 2 young (2048K), 2 survivors (2048K)
 Metaspace       used 3257K, committed 3392K, reserved 1056768K
  class space    used 261K, committed 320K, reserved 1048576K
}
Event: 35.662 GC heap before
{Heap before GC invocations=15 (full 0):
 garbage-first heap   total 186368K, used 121344K [0x00000000c1400000, 0x0000000100000000)
  region size 1024K, 9 young (9216K), 2 survivors (2048K)
 Metaspace       used 3304K, committed 3456K, reserved 1056768K
  class space    used 270K, committed 320K, reserved 1048576K
}
Event: 35.667 GC heap after
{Heap after GC invocations=16 (full 0):
 garbage-first heap   total 186368K, used 120832K [0x00000000c1400000, 0x0000000100000000)
  region size 1024K, 2 young (2048K), 2 survivors (2048K)
 Metaspace       used 3304K, committed 3456K, reserved 1056768K
  class space    used 270K, committed 320K, reserved 1048576K
}
Event: 35.730 GC heap before
{Heap before GC invocations=16 (full 0):
 garbage-first heap   total 186368K, used 134144K [0x00000000c1400000, 0x0000000100000000)
  region size 1024K, 15 young (15360K), 2 survivors (2048K)
 Metaspace       used 3326K, committed 3456K, reserved 1056768K
  class space    used 270K, committed 320K, reserved 1048576K
}
Event: 35.743 GC heap after
{Heap after GC invocations=17 (full 0):
 garbage-first heap   total 186368K, used 134872K [0x00000000c1400000, 0x0000000100000000)
  region size 1024K, 2 young (2048K), 2 survivors (2048K)
 Metaspace       used 3326K, committed 3456K, reserved 1056768K
  class space    used 270K, committed 320K, reserved 1048576K
}
Event: 35.783 GC heap before
{Heap before GC invocations=17 (full 0):
 garbage-first heap   total 186368K, used 144088K [0x00000000c1400000, 0x0000000100000000)
  region size 1024K, 11 young (11264K), 2 survivors (2048K)
 Metaspace       used 3326K, committed 3456K, reserved 1056768K
  class space    used 270K, committed 320K, reserved 1048576K
}

